2022-06-12 22:13:36 Loading main app package /usr/lib/obsidian/obsidian.asar
2022-06-12 22:13:36 Checking for update using Github
2022-06-12 22:13:37 Success.
2022-06-12 22:13:37 Latest version is 0.14.15
2022-06-12 22:13:37 App is up to date.
2022-06-12 23:13:37 Checking for update using Github
2022-06-12 23:13:37 Success.
2022-06-12 23:13:37 Latest version is 0.14.15
2022-06-12 23:13:37 App is up to date.
2022-06-13 00:13:37 Checking for update using Github
2022-06-13 00:13:37 Success.
2022-06-13 00:13:37 Latest version is 0.14.15
2022-06-13 00:13:37 App is up to date.
2022-06-13 01:13:37 Checking for update using Github
2022-06-13 01:13:37 Success.
2022-06-13 01:13:37 Latest version is 0.14.15
2022-06-13 01:13:37 App is up to date.
2022-06-13 02:13:37 Checking for update using Github
2022-06-13 02:13:37 Success.
2022-06-13 02:13:37 Latest version is 0.14.15
2022-06-13 02:13:37 App is up to date.
2022-06-13 03:13:37 Checking for update using Github
2022-06-13 03:13:37 Success.
2022-06-13 03:13:37 Latest version is 0.14.15
2022-06-13 03:13:37 App is up to date.
2022-06-13 04:59:16 Loading main app package /usr/lib/obsidian/obsidian.asar
2022-06-13 04:59:16 Checking for update using Github
2022-06-13 04:59:16 Success.
2022-06-13 04:59:16 Latest version is 0.14.15
2022-06-13 04:59:16 App is up to date.
2022-06-13 05:59:16 Checking for update using Github
2022-06-13 05:59:16 Success.
2022-06-13 05:59:16 Latest version is 0.14.15
2022-06-13 05:59:16 App is up to date.
2022-06-13 06:59:16 Checking for update using Github
2022-06-13 06:59:16 Success.
2022-06-13 06:59:16 Latest version is 0.14.15
2022-06-13 06:59:16 App is up to date.
2022-06-13 07:59:16 Checking for update using Github
2022-06-13 07:59:16 Success.
2022-06-13 07:59:16 Latest version is 0.14.15
2022-06-13 07:59:16 App is up to date.
2022-06-13 08:59:16 Checking for update using Github
2022-06-13 08:59:16 Success.
2022-06-13 08:59:16 Latest version is 0.14.15
2022-06-13 08:59:16 App is up to date.
